astree.o:
     $Id: auxlib.h,v 1.2 2013-09-19 19:55:32-07 - - $
     $Id: astree.h,v 1.3 2013-09-20 12:23:31-07 - - $
     $Id: lyutils.h,v 1.5 2013-10-10 18:17:45-07 - - $
     $Id: astree.cc,v 1.14 2013-10-10 18:48:18-07 - - $
     $Compiled: astree.cc Oct 14 2014 21:00:03 $

emit.o:
     $Id: auxlib.h,v 1.2 2013-09-19 19:55:32-07 - - $
     $Id: astree.h,v 1.3 2013-09-20 12:23:31-07 - - $
     $Id: emit.h,v 1.1 2013-09-19 16:38:25-07 - - $
     $Id: lyutils.h,v 1.5 2013-10-10 18:17:45-07 - - $
     $Id: emit.cc,v 1.3 2013-09-20 17:52:13-07 - - $
     $Compiled: emit.cc Oct 14 2014 21:00:04 $

lyutils.o:
     $Id: auxlib.h,v 1.2 2013-09-19 19:55:32-07 - - $
     $Id: astree.h,v 1.3 2013-09-20 12:23:31-07 - - $
     $Id: lyutils.h,v 1.5 2013-10-10 18:17:45-07 - - $
     $Id: lyutils.cc,v 1.3 2013-10-10 18:17:45-07 - - $
     $Compiled: lyutils.cc Oct 14 2014 21:00:04 $

auxlib.o:
     $Id: auxlib.h,v 1.2 2013-09-19 19:55:32-07 - - $
     $Id: auxlib.cc,v 1.3 2013-09-20 17:52:13-07 - - $
     $Compiled: auxlib.cc Oct 14 2014 21:00:04 $

stringset.cpp:

main.cpp:
     $Id: main.cpp,v 1.2 2014-10-09 15:09:33-07 - - $

yylex.o:
     $Id: auxlib.h,v 1.2 2013-09-19 19:55:32-07 - - $
     $Id: astree.h,v 1.3 2013-09-20 12:23:31-07 - - $
     $Id: lyutils.h,v 1.5 2013-10-10 18:17:45-07 - - $
     $Id: scanner.l,v 1.3 2013-10-15 16:37:56-07 - - $
     $Compiled: scanner.l Oct 14 2014 21:00:04 $

yyparse.o:
     $Id: auxlib.h,v 1.2 2013-09-19 19:55:32-07 - - $
     $Id: astree.h,v 1.3 2013-09-20 12:23:31-07 - - $
     $Id: lyutils.h,v 1.5 2013-10-10 18:17:45-07 - - $
     $Id: parser.y,v 1.5 2013-10-10 18:48:18-07 - - $
     $Compiled: parser.y Oct 15 2013 16:37:58 $

zexprsm:
     $Id: auxlib.h,v 1.2 2013-09-19 19:55:32-07 - - $
     $Id: astree.h,v 1.3 2013-09-20 12:23:31-07 - - $
     $Id: lyutils.h,v 1.5 2013-10-10 18:17:45-07 - - $
     $Id: astree.cc,v 1.14 2013-10-10 18:48:18-07 - - $
     $Compiled: astree.cc Oct 14 2014 21:00:03 $
     $Id: auxlib.h,v 1.2 2013-09-19 19:55:32-07 - - $
     $Id: astree.h,v 1.3 2013-09-20 12:23:31-07 - - $
     $Id: emit.h,v 1.1 2013-09-19 16:38:25-07 - - $
     $Id: lyutils.h,v 1.5 2013-10-10 18:17:45-07 - - $
     $Id: emit.cc,v 1.3 2013-09-20 17:52:13-07 - - $
     $Compiled: emit.cc Oct 14 2014 21:00:04 $
     $Id: auxlib.h,v 1.2 2013-09-19 19:55:32-07 - - $
     $Id: astree.h,v 1.3 2013-09-20 12:23:31-07 - - $
     $Id: lyutils.h,v 1.5 2013-10-10 18:17:45-07 - - $
     $Id: lyutils.cc,v 1.3 2013-10-10 18:17:45-07 - - $
     $Compiled: lyutils.cc Oct 14 2014 21:00:04 $
     $Id: auxlib.h,v 1.2 2013-09-19 19:55:32-07 - - $
     $Id: auxlib.cc,v 1.3 2013-09-20 17:52:13-07 - - $
     $Compiled: auxlib.cc Oct 14 2014 21:00:04 $
     $Id: auxlib.h,v 1.2 2013-09-19 19:55:32-07 - - $
     $Id: astree.h,v 1.3 2013-09-20 12:23:31-07 - - $
     $Id: lyutils.h,v 1.5 2013-10-10 18:17:45-07 - - $
     $Id: scanner.l,v 1.3 2013-10-15 16:37:56-07 - - $
     $Compiled: scanner.l Oct 14 2014 21:00:04 $
     $Id: auxlib.h,v 1.2 2013-09-19 19:55:32-07 - - $
     $Id: astree.h,v 1.3 2013-09-20 12:23:31-07 - - $
     $Id: lyutils.h,v 1.5 2013-10-10 18:17:45-07 - - $
     $Id: parser.y,v 1.5 2013-10-10 18:48:18-07 - - $
     $Compiled: parser.y Oct 15 2013 16:37:58 $
