scanner.l:62: unrecognized rule
scanner.l:62: unrecognized rule
scanner.l:62: unrecognized rule
scanner.l:69: unrecognized rule
scanner.l:69: unrecognized rule
scanner.l:69: unrecognized rule
flex version 2.5.35 usage statistics:
  scanner options: -dpsvI8 -Cem -oyylex.cc
  235/2000 NFA states
  0/1000 DFA states (0 words)
  34 rules
  No backing up
  1/40 start conditions
  118 epsilon states, 57 double epsilon states
  12/100 character classes needed 153/500 words of storage, 0 reused
  0 state/nextstate pairs created
  0/0 unique/duplicate transitions
  0/1000 base-def entries created
  0/2000 (peak 0) nxt-chk entries created
  0/2500 (peak 0) template nxt-chk entries created
  0 empty table entries
  0 protos created
  0 templates created, 0 uses
  0/256 equivalence classes created
  0/256 meta-equivalence classes created
  0 (0 saved) hash collisions, 0 DFAs equal
  0 sets of reallocations needed
  256 total table entries needed
